<?xml version="1.0" encoding="UTF-8"?>
<!-- Generated by org.testng.reporters.JUnitReportReporter -->
<testsuite hostname="PIT0901" failures="0" tests="2" name="loans.HomeLoan" time="0.006" errors="0" timestamp="2022-04-04T21:34:34 SAST" skipped="0">
  <testcase classname="loans.HomeLoan" name="home2" time="0.000"/>
  <system-out/>
  <testcase classname="loans.HomeLoan" name="home1" time="0.006"/>
  <system-out/>
</testsuite> <!-- loans.HomeLoan -->
