<?xml version="1.0" encoding="UTF-8"?>
<!-- Generated by org.testng.reporters.JUnitReportReporter -->
<testsuite hostname="PIT0901" failures="0" tests="1" name="loans.PersonalLoan2" time="0.001" errors="0" timestamp="2022-03-28T21:28:19 SAST" skipped="0">
  <testcase classname="loans.PersonalLoan2" name="personal3" time="0.001"/>
  <system-out/>
</testsuite> <!-- loans.PersonalLoan2 -->
