<?xml version="1.0" encoding="UTF-8"?>
<!-- Generated by org.testng.reporters.JUnitReportReporter -->
<testsuite hostname="PIT0901" failures="0" tests="2" name="practical.Practical" time="0.010" errors="0" timestamp="2022-04-04T10:01:04 SAST" skipped="0">
  <testcase classname="practical.Practical" name="failedTest" time="0.002"/>
  <system-out/>
  <testcase classname="practical.Practical" name="cardPayment" time="0.008"/>
  <system-out/>
</testsuite> <!-- practical.Practical -->
