<?xml version="1.0" encoding="UTF-8"?>
<!-- Generated by org.testng.reporters.JUnitReportReporter -->
<testsuite hostname="PIT0901" failures="0" tests="2" name="firstPackage.SecondTestNG" time="0.002" errors="0" timestamp="2022-03-28T20:06:43 SAST" skipped="0">
  <testcase classname="firstPackage.SecondTestNG" name="Fourth" time="0.001"/>
  <system-out/>
  <testcase classname="firstPackage.SecondTestNG" name="Third" time="0.001"/>
  <system-out/>
</testsuite> <!-- firstPackage.SecondTestNG -->
