<?xml version="1.0" encoding="UTF-8"?>
<!-- Generated by org.testng.reporters.JUnitReportReporter -->
<testsuite hostname="PIT0901" failures="0" tests="2" name="firstPackage.FirstTestNG" time="0.007" errors="0" timestamp="2022-03-28T20:06:43 SAST" skipped="0">
  <testcase classname="firstPackage.FirstTestNG" name="second" time="0.001"/>
  <system-out/>
  <testcase classname="firstPackage.FirstTestNG" name="first" time="0.006"/>
  <system-out/>
</testsuite> <!-- firstPackage.FirstTestNG -->
