<?xml version="1.0" encoding="UTF-8"?>
<!-- Generated by org.testng.reporters.JUnitReportReporter -->
<testsuite hostname="PIT0901" failures="0" tests="4" name="loans.VehicleLoan" time="0.004" errors="0" timestamp="2022-04-04T21:34:34 SAST" skipped="0">
  <testcase classname="loans.VehicleLoan" name="vehicle1" time="0.001"/>
  <system-out/>
  <testcase classname="loans.VehicleLoan" name="vehicle2" time="0.001"/>
  <system-out/>
  <testcase classname="loans.VehicleLoan" name="vehicle3" time="0.000"/>
  <system-out/>
  <testcase classname="loans.VehicleLoan" name="uat" time="0.002"/>
  <system-out/>
</testsuite> <!-- loans.VehicleLoan -->
